{"/Users/ayush/github/jest-test-dummy/src/hello.js": {"path":"/Users/ayush/github/jest-test-dummy/src/hello.js","statementMap":{"0":{"start":{"line":4,"column":23},"end":{"line":6,"column":1}},"1":{"start":{"line":5,"column":2},"end":{"line":5,"column":33}},"2":{"start":{"line":8,"column":0},"end":{"line":10,"column":1}}},"fnMap":{"0":{"name":"(anonymous_0)","decl":{"start":{"line":4,"column":23},"end":{"line":4,"column":24}},"loc":{"start":{"line":4,"column":37},"end":{"line":6,"column":1}},"line":4}},"branchMap":{},"s":{"0":1,"1":2,"2":1},"f":{"0":2},"b":{},"_coverageSchema":"332fd63041d2c1bcb487cc26dd0d5f7d97098a6c","hash":"9a625f4cfa2ffd4f5f8287389fff2675c75ca4ab"}
,"/Users/ayush/github/jest-test-dummy/test/global.js": {"path":"/Users/ayush/github/jest-test-dummy/test/global.js","statementMap":{"0":{"start":{"line":9,"column":0},"end":{"line":9,"column":38}}},"fnMap":{},"branchMap":{},"s":{"0":1},"f":{},"b":{},"_coverageSchema":"332fd63041d2c1bcb487cc26dd0d5f7d97098a6c","hash":"efae06709bb220e121cd8a0a00679c03e0723ee3"}
}
